#
# There is insufficient memory for the Java Runtime Environment to continue.
# Native memory allocation (mmap) failed to map 165675008 bytes for Failed to commit area from 0x0000000762200000 to 0x000000076c000000 of length 165675008.
# Possible reasons:
#   The system is out of physical RAM or swap space
#   The process is running with CompressedOops enabled, and the Java Heap may be blocking the growth of the native heap
# Possible solutions:
#   Reduce memory load on the system
#   Increase physical memory or swap space
#   Check if swap backing store is full
#   Decrease Java heap size (-Xmx/-Xms)
#   Decrease number of Java threads
#   Decrease Java thread stack sizes (-Xss)
#   Set larger code cache with -XX:ReservedCodeCacheSize=
# This output file may be truncated or incomplete.
#
#  Out of Memory Error (./src/hotspot/os/windows/os_windows.cpp:3619), pid=872, tid=3136
#
# JRE version:  (11.0.13+7) (build )
# Java VM: Dynamic Code Evolution 64-Bit Server VM (11.0.13+7-b1751.21, mixed mode, sharing, tiered, compressed oops, g1 gc, windows-amd64)
# No core dump will be written. Minidumps are not enabled by default on client versions of Windows
#

---------------  S U M M A R Y ------------

Command Line: git4idea.http.GitAskPassApp Username for 'https://github.com': 

Host: AMD Ryzen 5 5500U with Radeon Graphics         , 12 cores, 9G,  Windows 10 , 64 bit Build 19041 (10.0.19041.1466)
Time: Sat Feb  5 23:16:00 2022 Pacific Standard Time elapsed time: 0.008347 seconds (0d 0h 0m 0s)

---------------  T H R E A D  ---------------

Current thread (0x000001fe6e08c000):  JavaThread "Unknown thread" [_thread_in_vm, id=3136, stack(0x000000f9e0200000,0x000000f9e0300000)]

Stack: [0x000000f9e0200000,0x000000f9e0300000]
Native frames: (J=compiled Java code, j=interpreted, Vv=VM code, C=native code)
V  [jvm.dll+0x61f82a]
V  [jvm.dll+0x7a6240]
V  [jvm.dll+0x7a785d]
V  [jvm.dll+0x7a7f33]
V  [jvm.dll+0x250b68]
V  [jvm.dll+0x61c894]
V  [jvm.dll+0x6115b5]
V  [jvm.dll+0x3105ab]
V  [jvm.dll+0x31051a]
V  [jvm.dll+0x3103f2]
V  [jvm.dll+0x315346]
V  [jvm.dll+0x35ec83]
V  [jvm.dll+0x35f386]
V  [jvm.dll+0x35ed83]
V  [jvm.dll+0x2e9de8]
V  [jvm.dll+0x2eaf97]
V  [jvm.dll+0x782fe7]
V  [jvm.dll+0x7848bc]
V  [jvm.dll+0x36c1f9]
V  [jvm.dll+0x766c7e]
V  [jvm.dll+0x3da7d3]
V  [jvm.dll+0x3dcd31]
C  [jli.dll+0x536b]
C  [ucrtbase.dll+0x21bb2]
C  [KERNEL32.DLL+0x17034]
C  [ntdll.dll+0x52651]


---------------  P R O C E S S  ---------------

Threads class SMR info:
_java_thread_list=0x000001fe6c6d2f00, length=0, elements={
}

Java Threads: ( => current thread )

Other Threads:
  0x000001fe6e0a4000 GCTaskThread "GC Thread#0" [stack: 0x000000f9e0300000,0x000000f9e0400000] [id=556]
  0x000001fe6e0e3800 ConcurrentGCThread "G1 Main Marker" [stack: 0x000000f9e0400000,0x000000f9e0500000] [id=11584]
  0x000001fe6e0e5000 ConcurrentGCThread "G1 Conc#0" [stack: 0x000000f9e0500000,0x000000f9e0600000] [id=7804]

[error occurred during error reporting (printing all threads), id 0xc0000005, EXCEPTION_ACCESS_VIOLATION (0xc0000005) at pc=0x00007fffb81fa657]

VM state:not at safepoint (not fully initialized)

VM Mutex/Monitor currently owned by a thread:  ([mutex/lock_event])
[0x000001fe6e088850] Heap_lock - owner thread: 0x000001fe6e08c000

Heap address: 0x0000000762200000, size: 2526 MB, Compressed Oops mode: Non-zero based: 0x0000000762200000
Narrow klass base: 0x0000000000000000, Narrow klass shift: 0

GC Heap History (0 events):
No events

Deoptimization events (0 events):
No events

Classes redefined (0 events):
No events

Internal exceptions (0 events):
No events

Events (1 events):
Event: 0.005 Loaded shared library C:\Program Files\JetBrains\JetBrains Rider 2021.3.2\jbr\bin\zip.dll


Dynamic libraries:
0x00007ff7cfb60000 - 0x00007ff7cfb6a000 	C:\Program Files\JetBrains\JetBrains Rider 2021.3.2\jbr\bin\java.exe
0x00007ff817430000 - 0x00007ff817625000 	C:\Windows\SYSTEM32\ntdll.dll
0x00007ff815d10000 - 0x00007ff815dce000 	C:\Windows\System32\KERNEL32.DLL
0x00007ff8151a0000 - 0x00007ff815468000 	C:\Windows\System32\KERNELBASE.dll
0x00007ff814b90000 - 0x00007ff814c90000 	C:\Windows\System32\ucrtbase.dll
0x00007ffffa3f0000 - 0x00007ffffa409000 	C:\Program Files\JetBrains\JetBrains Rider 2021.3.2\jbr\bin\jli.dll
0x00007fffec4b0000 - 0x00007fffec4c7000 	C:\Program Files\JetBrains\JetBrains Rider 2021.3.2\jbr\bin\VCRUNTIME140.dll
0x00007ff816e10000 - 0x00007ff816fb1000 	C:\Windows\System32\USER32.dll
0x00007ff814c90000 - 0x00007ff814cb2000 	C:\Windows\System32\win32u.dll
0x00007ffffc5e0000 - 0x00007ffffc87a000 	C:\Windows\WinSxS\amd64_microsoft.windows.common-controls_6595b64144ccf1df_6.0.19041.1110_none_60b5254171f9507e\COMCTL32.dll
0x00007ff816d40000 - 0x00007ff816d6b000 	C:\Windows\System32\GDI32.dll
0x00007ff817150000 - 0x00007ff8171ee000 	C:\Windows\System32\msvcrt.dll
0x00007ff815090000 - 0x00007ff81519d000 	C:\Windows\System32\gdi32full.dll
0x00007ff814e60000 - 0x00007ff814efd000 	C:\Windows\System32\msvcp_win.dll
0x00007ff815dd0000 - 0x00007ff815e00000 	C:\Windows\System32\IMM32.DLL
0x00007fffdbec0000 - 0x00007fffdbf5d000 	C:\Program Files\JetBrains\JetBrains Rider 2021.3.2\jbr\bin\msvcp140.dll
0x00007fffb7f00000 - 0x00007fffb8a86000 	C:\Program Files\JetBrains\JetBrains Rider 2021.3.2\jbr\bin\server\jvm.dll
0x00007ff816fc0000 - 0x00007ff81706e000 	C:\Windows\System32\ADVAPI32.dll
0x00007ff816d70000 - 0x00007ff816e0c000 	C:\Windows\System32\sechost.dll
0x00007ff8172c0000 - 0x00007ff8173e5000 	C:\Windows\System32\RPCRT4.dll
0x00007ff815480000 - 0x00007ff815488000 	C:\Windows\System32\PSAPI.DLL
0x00007ff8073a0000 - 0x00007ff8073a9000 	C:\Windows\SYSTEM32\WSOCK32.dll
0x00007ff80a680000 - 0x00007ff80a6a7000 	C:\Windows\SYSTEM32\WINMM.dll
0x00007ff80a6b0000 - 0x00007ff80a6ba000 	C:\Windows\SYSTEM32\VERSION.dll
0x00007ff817250000 - 0x00007ff8172bb000 	C:\Windows\System32\WS2_32.dll
0x00007ff8133c0000 - 0x00007ff8133d2000 	C:\Windows\SYSTEM32\kernel.appcore.dll
0x00007ffff8db0000 - 0x00007ffff8dc1000 	C:\Program Files\JetBrains\JetBrains Rider 2021.3.2\jbr\bin\verify.dll
0x00007ff8127e0000 - 0x00007ff8129c4000 	C:\Windows\SYSTEM32\DBGHELP.DLL
0x00007ff807770000 - 0x00007ff80779c000 	C:\Windows\SYSTEM32\dbgcore.DLL
0x00007ff814d20000 - 0x00007ff814da2000 	C:\Windows\System32\bcryptPrimitives.dll
0x00007ffff8b30000 - 0x00007ffff8b59000 	C:\Program Files\JetBrains\JetBrains Rider 2021.3.2\jbr\bin\java.dll
0x00007ff80b960000 - 0x00007ff80b96b000 	C:\Program Files\JetBrains\JetBrains Rider 2021.3.2\jbr\bin\jimage.dll
0x00007ffff8d90000 - 0x00007ffff8da8000 	C:\Program Files\JetBrains\JetBrains Rider 2021.3.2\jbr\bin\zip.dll

dbghelp: loaded successfully - version: 4.0.5 - missing functions: none
symbol engine: initialized successfully - sym options: 0x614 - pdb path: .;C:\Program Files\JetBrains\JetBrains Rider 2021.3.2\jbr\bin;C:\Windows\SYSTEM32;C:\Windows\WinSxS\amd64_microsoft.windows.common-controls_6595b64144ccf1df_6.0.19041.1110_none_60b5254171f9507e;C:\Program Files\JetBrains\JetBrains Rider 2021.3.2\jbr\bin\server

VM Arguments:
java_command: git4idea.http.GitAskPassApp Username for 'https://github.com': 
java_class_path (initial): C:/Program Files/JetBrains/JetBrains Rider 2021.3.2/plugins/git4idea/lib/git4idea-rt.jar;C:/Program Files/JetBrains/JetBrains Rider 2021.3.2/lib/3rd-party.jar;C:/Program Files/JetBrains/JetBrains Rider 2021.3.2/lib/3rd-party-rt.jar
Launcher Type: SUN_STANDARD

[Global flags]
     intx CICompilerCount                          = 4                                         {product} {ergonomic}
     uint ConcGCThreads                            = 3                                         {product} {ergonomic}
     uint G1ConcRefinementThreads                  = 10                                        {product} {ergonomic}
   size_t G1HeapRegionSize                         = 1048576                                   {product} {ergonomic}
    uintx GCDrainStackTargetSize                   = 64                                        {product} {ergonomic}
   size_t InitialHeapSize                          = 165675008                                 {product} {ergonomic}
   size_t MarkStackSize                            = 4194304                                   {product} {ergonomic}
   size_t MaxHeapSize                              = 2648702976                                {product} {ergonomic}
   size_t MinHeapDeltaBytes                        = 1048576                                   {product} {ergonomic}
    uintx NonNMethodCodeHeapSize                   = 5836300                                {pd product} {ergonomic}
    uintx NonProfiledCodeHeapSize                  = 122910970                              {pd product} {ergonomic}
    uintx ProfiledCodeHeapSize                     = 122910970                              {pd product} {ergonomic}
    uintx ReservedCodeCacheSize                    = 251658240                              {pd product} {ergonomic}
     bool SegmentedCodeCache                       = true                                      {product} {ergonomic}
     bool UseCompressedClassPointers               = true                                 {lp64_product} {ergonomic}
     bool UseCompressedOops                        = true                                 {lp64_product} {ergonomic}
     bool UseG1GC                                  = true                                      {product} {ergonomic}
     bool UseLargePagesIndividualAllocation        = false                                  {pd product} {ergonomic}

Logging:
Log output configuration:
 #0: stdout all=warning uptime,level,tags
 #1: stderr all=off uptime,level,tags

Environment Variables:
PATH=C:/Program Files/Git/mingw64/libexec/git-core;C:/Program Files/Git/mingw64/libexec/git-core;C:\Program Files\Git\mingw64\bin;C:\Program Files\Git\usr\bin;C:\Users\Jason Casareno\bin;C:\Program Files (x86)\NVIDIA Corporation\PhysX\Common;C:\Program Files (x86)\Common Files\Oracle\Java\javapath;C:\Windows\system32;C:\Windows;C:\Windows\System32\Wbem;C:\Windows\System32\WindowsPowerShell\v1.0\;C:\Windows\System32\OpenSSH\;C:\Program Files\Microsoft VS Code\bin;C:\Program Files\Git\cmd;C:\Program Files\dotnet\;C:\Users\Jason Casareno\AppData\Local\Programs\Python\Python39\Scripts\;C:\Users\Jason Casareno\AppData\Local\Programs\Python\Python39\;C:\Users\Jason Casareno\AppData\Local\Microsoft\WindowsApps;C:\Users\Jason Casareno\AppData\Local\GitHubDesktop\bin
USERNAME=Jason Casareno
DISPLAY=:0.0
LC_ALL=en_US.UTF-8
OS=Windows_NT
PROCESSOR_IDENTIFIER=AMD64 Family 23 Model 104 Stepping 1, AuthenticAMD



---------------  S Y S T E M  ---------------

OS: Windows 10 , 64 bit Build 19041 (10.0.19041.1466)
OS uptime: 5 days 8:09 hours

CPU:total 12 (initial active 12) (12 cores per cpu, 2 threads per core) family 23 model 104 stepping 1 microcode 0x0, cmov, cx8, fxsr, mmx, sse, sse2, sse3, ssse3, sse4.1, sse4.2, popcnt, avx, avx2, aes, clmul, mmxext, 3dnowpref, lzcnt, sse4a, ht, tsc, tscinvbit, tscinv, bmi1, bmi2, adx, sha, fma

Memory: 4k page, system-wide physical 10101M (1755M free)
TotalPageFile size 15221M (AvailPageFile size 37M)
current process WorkingSet (physical memory assigned to process): 10M, peak: 10M
current process commit charge ("private bytes"): 64M, peak: 222M

vm_info: Dynamic Code Evolution 64-Bit Server VM (11.0.13+7-b1751.21) for windows-amd64 JRE (11.0.13+7-b1751.21), built on Nov 30 2021 02:17:11 by "" with MS VC++ 14.0 (VS2015)

END.
